TN:
SF:src\index.ts
FN:75,recordError
FNF:1
FNH:1
FNDA:5,recordError
DA:1,1
DA:2,1
DA:3,1
DA:4,1
DA:5,1
DA:6,1
DA:7,1
DA:8,1
DA:9,1
DA:10,1
DA:11,1
DA:12,1
DA:13,1
DA:14,1
DA:15,1
DA:16,1
DA:17,1
DA:18,1
DA:19,1
DA:20,1
DA:21,1
DA:22,1
DA:23,1
DA:24,1
DA:25,1
DA:26,1
DA:27,1
DA:28,1
DA:29,1
DA:30,2
DA:31,2
DA:32,1
DA:33,1
DA:34,1
DA:35,1
DA:36,1
DA:37,1
DA:38,1
DA:39,6
DA:40,6
DA:41,1
DA:42,1
DA:43,1
DA:44,1
DA:45,1
DA:46,1
DA:47,1
DA:48,1
DA:49,6
DA:50,5
DA:51,5
DA:52,5
DA:53,5
DA:54,5
DA:55,5
DA:56,5
DA:57,5
DA:58,5
DA:59,5
DA:60,5
DA:61,2
DA:62,2
DA:63,2
DA:64,3
DA:65,5
DA:66,2
DA:67,2
DA:68,2
DA:69,1
DA:70,1
DA:71,1
DA:72,1
DA:73,6
DA:74,1
DA:75,5
DA:76,5
DA:77,5
DA:78,5
DA:79,2
DA:80,1
DA:81,1
DA:82,1
DA:83,1
DA:84,1
DA:85,5
DA:86,3
DA:87,3
DA:88,3
DA:89,1
DA:90,1
DA:91,3
DA:92,5
DA:93,5
DA:94,5
DA:95,5
DA:96,1
DA:97,1
DA:98,5
DA:99,1
DA:100,1
DA:101,1
DA:102,1
LF:102
LH:102
BRDA:29,0,0,2
BRDA:31,1,0,1
BRDA:38,2,0,6
BRDA:40,3,0,1
BRDA:49,4,0,5
BRDA:51,5,0,4
BRDA:51,6,0,1
BRDA:52,7,0,4
BRDA:52,8,0,1
BRDA:60,9,0,2
BRDA:63,10,0,3
BRDA:65,11,0,2
BRDA:68,12,0,1
BRDA:75,13,0,5
BRDA:78,14,0,2
BRDA:79,15,0,1
BRDA:85,16,0,3
BRDA:87,17,0,2
BRDA:88,18,0,1
BRDA:94,19,0,4
BRDA:95,20,0,1
BRDA:100,21,0,1
BRF:22
BRH:22
end_of_record
TN:
SF:src\lib\functions\validateWebhook.ts
FN:81,KickWebhookError
FN:88,KickWebhookSignatureError
FN:98,validateKickWebhook
FN:210,getKickPublicKey
FN:231,fetchKickPublicKey
FN:256,importPublicKey
FN:270,pemToArrayBuffer
FN:279,normalizeSignature
FN:287,decodeBase64
FN:303,toArrayBuffer
FN:309,coercePayload
FN:362,isRecord
FNF:12
FNH:12
FNDA:8,KickWebhookError
FNDA:7,KickWebhookSignatureError
FNDA:21,validateKickWebhook
FNDA:16,getKickPublicKey
FNDA:10,fetchKickPublicKey
FNDA:10,importPublicKey
FNDA:10,pemToArrayBuffer
FNDA:16,normalizeSignature
FNDA:26,decodeBase64
FNDA:25,toArrayBuffer
FNDA:13,coercePayload
FNDA:14,isRecord
DA:1,1
DA:2,1
DA:3,1
DA:4,1
DA:5,1
DA:6,1
DA:7,1
DA:8,1
DA:9,1
DA:10,1
DA:11,1
DA:12,1
DA:13,1
DA:14,1
DA:15,1
DA:16,1
DA:17,1
DA:18,1
DA:19,1
DA:20,1
DA:21,1
DA:22,1
DA:23,1
DA:24,1
DA:25,1
DA:26,1
DA:27,1
DA:28,1
DA:29,1
DA:30,1
DA:31,1
DA:32,1
DA:33,1
DA:34,1
DA:35,1
DA:36,1
DA:37,1
DA:38,1
DA:39,1
DA:40,1
DA:41,1
DA:42,1
DA:43,1
DA:44,1
DA:45,1
DA:46,1
DA:47,1
DA:48,1
DA:49,1
DA:50,1
DA:51,1
DA:52,1
DA:53,1
DA:54,1
DA:55,1
DA:56,1
DA:57,1
DA:58,1
DA:59,1
DA:60,1
DA:61,1
DA:62,1
DA:63,1
DA:64,1
DA:65,1
DA:66,1
DA:67,1
DA:68,1
DA:69,1
DA:70,1
DA:71,1
DA:72,1
DA:73,1
DA:74,1
DA:75,1
DA:76,1
DA:77,1
DA:78,1
DA:79,1
DA:80,1
DA:81,1
DA:82,8
DA:83,8
DA:84,8
DA:85,1
DA:86,1
DA:87,1
DA:88,1
DA:89,7
DA:90,7
DA:91,7
DA:92,1
DA:93,1
DA:94,1
DA:95,1
DA:96,1
DA:97,1
DA:98,21
DA:99,21
DA:100,21
DA:101,21
DA:102,21
DA:103,21
DA:104,21
DA:105,21
DA:106,1
DA:107,1
DA:108,20
DA:109,20
DA:110,21
DA:111,1
DA:112,1
DA:113,1
DA:114,1
DA:115,19
DA:116,19
DA:117,21
DA:118,1
DA:119,1
DA:120,18
DA:121,21
DA:122,21
DA:123,21
DA:124,21
DA:125,21
DA:126,18
DA:127,18
DA:128,21
DA:129,1
DA:130,1
DA:131,1
DA:132,1
DA:133,17
DA:134,17
DA:135,17
DA:136,21
DA:137,21
DA:138,21
DA:139,17
DA:140,17
DA:141,1
DA:142,1
DA:143,1
DA:144,1
DA:145,17
DA:146,16
DA:147,16
DA:148,16
DA:149,16
DA:150,16
DA:151,16
DA:152,16
DA:153,16
DA:154,16
DA:155,16
DA:156,16
DA:157,16
DA:158,16
DA:159,16
DA:160,16
DA:161,15
DA:162,21
DA:163,1
DA:164,1
DA:165,1
DA:166,1
DA:167,14
DA:168,21
DA:169,21
DA:170,1
DA:171,1
DA:172,1
DA:173,1
DA:174,1
DA:175,13
DA:176,13
DA:177,13
DA:178,21
DA:179,11
DA:180,11
DA:181,11
DA:182,11
DA:183,11
DA:184,11
DA:185,11
DA:186,11
DA:187,11
DA:188,11
DA:189,11
DA:190,11
DA:191,2
DA:192,2
DA:193,2
DA:194,2
DA:195,2
DA:196,2
DA:197,2
DA:198,2
DA:199,2
DA:200,2
DA:201,2
DA:202,2
DA:203,2
DA:204,1
DA:205,1
DA:206,1
DA:207,1
DA:208,1
DA:209,1
DA:210,16
DA:211,16
DA:212,1
DA:213,1
DA:214,15
DA:215,16
DA:216,5
DA:217,5
DA:218,10
DA:219,10
DA:220,10
DA:221,16
DA:222,1
DA:223,1
DA:224,9
DA:225,9
DA:226,9
DA:227,9
DA:228,9
DA:229,9
DA:230,1
DA:231,10
DA:232,10
DA:233,10
DA:234,10
DA:235,10
DA:236,10
DA:237,10
DA:238,10
DA:239,8
DA:240,8
DA:241,8
DA:242,8
DA:243,8
DA:244,8
DA:245,8
DA:246,8
DA:247,8
DA:248,8
DA:249,10
DA:250,2
DA:251,2
DA:252,2
DA:253,2
DA:254,2
DA:255,1
DA:256,10
DA:257,10
DA:258,10
DA:259,10
DA:260,10
DA:261,10
DA:262,10
DA:263,10
DA:264,10
DA:265,10
DA:266,10
DA:267,10
DA:268,10
DA:269,1
DA:270,10
DA:271,10
DA:272,10
DA:273,10
DA:274,10
DA:275,10
DA:276,10
DA:277,10
DA:278,1
DA:279,16
DA:280,16
DA:281,16
DA:282,7
DA:283,7
DA:284,9
DA:285,9
DA:286,1
DA:287,26
DA:288,26
DA:289,26
DA:290,26
DA:291,26
DA:292,26
DA:293,2429
DA:294,2429
DA:295,25
DA:296,26
DA:297,1
DA:298,1
DA:299,1
DA:300,1
DA:301,26
DA:302,1
DA:303,25
DA:304,25
DA:305,25
DA:306,25
DA:307,25
DA:308,1
DA:309,13
DA:310,13
DA:311,13
DA:312,13
DA:313,13
DA:314,13
DA:315,1
DA:316,1
DA:317,12
DA:318,13
DA:319,13
DA:320,13
DA:321,13
DA:322,6
DA:323,6
DA:324,6
DA:325,6
DA:326,6
DA:327,13
DA:328,1
DA:329,1
DA:330,1
DA:331,1
DA:332,1
DA:333,13
DA:334,1
DA:335,1
DA:336,1
DA:337,1
DA:338,1
DA:339,13
DA:340,1
DA:341,1
DA:342,1
DA:343,1
DA:344,1
DA:345,13
DA:346,1
DA:347,1
DA:348,1
DA:349,1
DA:350,1
DA:351,13
DA:352,1
DA:353,1
DA:354,1
DA:355,1
DA:356,1
DA:357,13
DA:358,1
DA:359,13
DA:360,13
DA:361,1
DA:362,14
DA:363,14
DA:364,14
LF:364
LH:364
BRDA:81,0,0,8
BRDA:88,1,0,7
BRDA:98,2,0,21
BRDA:105,3,0,1
BRDA:107,4,0,20
BRDA:110,5,0,1
BRDA:114,6,0,19
BRDA:117,7,0,1
BRDA:119,8,0,18
BRDA:121,9,0,6
BRDA:122,10,0,6
BRDA:123,11,0,18
BRDA:125,12,0,18
BRDA:128,13,0,1
BRDA:132,14,0,17
BRDA:136,15,0,9
BRDA:138,16,0,17
BRDA:140,17,0,1
BRDA:145,18,0,16
BRDA:160,19,0,15
BRDA:162,20,0,1
BRDA:166,21,0,14
BRDA:168,22,0,13
BRDA:168,23,0,1
BRDA:169,24,0,1
BRDA:174,25,0,13
BRDA:178,26,0,11
BRDA:190,27,0,2
BRDA:210,28,0,16
BRDA:211,29,0,1
BRDA:213,30,0,15
BRDA:215,31,0,6
BRDA:215,32,0,5
BRDA:217,33,0,10
BRDA:221,34,0,1
BRDA:221,35,0,1
BRDA:223,36,0,9
BRDA:231,37,0,10
BRDA:234,38,0,6
BRDA:238,39,0,8
BRDA:249,40,0,2
BRDA:256,41,0,10
BRDA:270,42,0,10
BRDA:279,43,0,16
BRDA:281,44,0,7
BRDA:283,45,0,9
BRDA:287,46,0,26
BRDA:292,47,0,2429
BRDA:294,48,0,25
BRDA:296,49,0,1
BRDA:303,50,0,25
BRDA:309,51,0,13
BRDA:314,52,0,1
BRDA:316,53,0,12
BRDA:318,54,0,1
BRDA:321,55,0,6
BRDA:327,56,0,1
BRDA:333,57,0,1
BRDA:339,58,0,1
BRDA:345,59,0,1
BRDA:351,60,0,1
BRDA:357,61,0,1
BRDA:362,62,0,14
BRF:63
BRH:63
end_of_record
TN:
SF:src\lib\functions\errors\logError.ts
FN:11,logErrorToD1
FNF:1
FNH:1
FNDA:3,logErrorToD1
DA:1,1
DA:2,1
DA:3,1
DA:4,1
DA:5,1
DA:6,1
DA:7,1
DA:8,1
DA:9,1
DA:10,1
DA:11,3
DA:12,3
DA:13,3
DA:14,3
DA:15,3
DA:16,2
DA:17,2
DA:18,2
DA:19,2
DA:20,2
DA:21,2
DA:22,2
DA:23,2
DA:24,2
DA:25,2
DA:26,2
DA:27,2
DA:28,2
DA:29,2
DA:30,3
DA:31,3
DA:32,1
DA:33,2
DA:34,3
DA:35,3
DA:36,3
DA:37,3
DA:38,3
DA:39,3
DA:40,3
DA:41,3
DA:42,3
DA:43,1
DA:44,1
LF:44
LH:44
BRDA:11,0,0,3
BRDA:15,1,0,2
BRDA:31,2,0,1
BRDA:32,3,0,2
BRDA:40,4,0,1
BRF:5
BRH:5
end_of_record
TN:
SF:src\lib\functions\errors\notifyDeveloper.ts
FN:19,notifyDeveloperOfError
FN:127,escapeHtml
FN:136,safeStringify
FNF:3
FNH:3
FNDA:9,notifyDeveloperOfError
FNDA:28,escapeHtml
FNDA:5,safeStringify
DA:1,1
DA:2,1
DA:3,1
DA:4,1
DA:5,1
DA:6,1
DA:7,1
DA:8,1
DA:9,1
DA:10,1
DA:11,1
DA:12,1
DA:13,1
DA:14,1
DA:15,1
DA:16,1
DA:17,1
DA:18,1
DA:19,9
DA:20,9
DA:21,9
DA:22,9
DA:23,9
DA:24,9
DA:25,9
DA:26,9
DA:27,9
DA:28,9
DA:29,9
DA:30,9
DA:31,9
DA:32,9
DA:33,9
DA:34,9
DA:35,9
DA:36,7
DA:37,7
DA:38,7
DA:39,7
DA:40,7
DA:41,9
DA:42,2
DA:43,1
DA:44,1
DA:45,1
DA:46,1
DA:47,1
DA:48,2
DA:49,2
DA:50,7
DA:51,7
DA:52,9
DA:53,9
DA:54,9
DA:55,5
DA:56,2
DA:57,9
DA:58,9
DA:59,9
DA:60,9
DA:61,9
DA:62,9
DA:63,9
DA:64,9
DA:65,9
DA:66,9
DA:67,9
DA:68,9
DA:69,9
DA:70,9
DA:71,9
DA:72,9
DA:73,9
DA:74,9
DA:75,9
DA:76,9
DA:77,9
DA:78,9
DA:79,9
DA:80,9
DA:81,9
DA:82,9
DA:83,9
DA:84,9
DA:85,9
DA:86,9
DA:87,9
DA:88,9
DA:89,9
DA:90,9
DA:91,9
DA:92,9
DA:93,9
DA:94,9
DA:95,9
DA:96,9
DA:97,9
DA:98,9
DA:99,9
DA:100,9
DA:101,9
DA:102,9
DA:103,9
DA:104,9
DA:105,9
DA:106,9
DA:107,9
DA:108,9
DA:109,9
DA:110,9
DA:111,9
DA:112,2
DA:113,1
DA:114,1
DA:115,1
DA:116,1
DA:117,1
DA:118,1
DA:119,1
DA:120,1
DA:121,1
DA:122,1
DA:123,1
DA:124,1
DA:125,9
DA:126,1
DA:127,28
DA:128,28
DA:129,28
DA:130,28
DA:131,28
DA:132,28
DA:133,28
DA:134,28
DA:135,1
DA:136,5
DA:137,5
DA:138,5
DA:139,5
DA:140,1
DA:141,1
DA:142,5
DA:143,5
DA:144,1
DA:145,1
DA:146,5
LF:146
LH:146
BRDA:19,0,0,9
BRDA:35,1,0,7
BRDA:36,2,0,7
BRDA:37,3,0,7
BRDA:38,4,0,7
BRDA:39,5,0,7
BRDA:41,6,0,2
BRDA:42,7,0,1
BRDA:49,8,0,7
BRDA:52,9,0,6
BRDA:54,10,0,5
BRDA:55,11,0,2
BRDA:110,12,0,5
BRDA:111,13,0,2
BRDA:112,14,0,1
BRDA:127,15,0,28
BRDA:136,16,0,5
BRDA:139,17,0,1
BRDA:141,18,0,3
BRDA:142,19,0,2
BRDA:142,20,0,1
BRDA:143,21,0,1
BRF:22
BRH:22
end_of_record
